<?xml version="1.0" encoding="UTF-8"?>
<testsuite name="org.example.shoppingcart.ShopperTest" tests="1" skipped="0" failures="0" errors="0" timestamp="2021-04-24T19:11:16" hostname="LTUS148679" time="0.076">
  <properties/>
  <testcase name="testNewShopperThenCartIsEmpty()" classname="org.example.shoppingcart.ShopperTest" time="0.076"/>
  <system-out><![CDATA[]]></system-out>
  <system-err><![CDATA[]]></system-err>
</testsuite>
