<?xml version="1.0" encoding="UTF-8"?>
<testsuite name="org.example.shoppingcart.ShoppingCartTest" tests="1" skipped="0" failures="0" errors="0" timestamp="2021-04-24T20:12:45" hostname="LTUS136175" time="0.173">
  <properties/>
  <testcase name="testAddItemInFullCartThenGetSubtotalAsPriceOfAllItems()" classname="org.example.shoppingcart.ShoppingCartTest" time="0.173"/>
  <system-out><![CDATA[]]></system-out>
  <system-err><![CDATA[]]></system-err>
</testsuite>
