<?xml version="1.0" encoding="UTF-8"?>
<testsuite name="org.example.shoppingcart.ShoppingCartTest" tests="4" skipped="0" failures="0" errors="0" timestamp="2021-04-24T21:16:38" hostname="LTUS148679" time="0.064">
  <properties/>
  <testcase name="testIfNewShoppingCartThenIsEmpty()" classname="org.example.shoppingcart.ShoppingCartTest" time="0.045"/>
  <testcase name="testAddExistingItemThenUpdateQuantity()" classname="org.example.shoppingcart.ShoppingCartTest" time="0.007"/>
  <testcase name="testAddItemInFullCartThenGetSubtotalAsPriceOfAllItems()" classname="org.example.shoppingcart.ShoppingCartTest" time="0.004"/>
  <testcase name="testAddItemInEmptyCartThenGetSubtotalAsPriceOfItem()" classname="org.example.shoppingcart.ShoppingCartTest" time="0.002"/>
  <system-out><![CDATA[]]></system-out>
  <system-err><![CDATA[]]></system-err>
</testsuite>
