<?xml version="1.0" encoding="UTF-8"?>
<testsuite name="org.example.shoppingcart.ShoppingCartTest" tests="4" skipped="0" failures="0" errors="0" timestamp="2021-05-03T22:38:42" hostname="LTUS136175" time="0.046">
  <properties/>
  <testcase name="testIfNewShoppingCartThenIsEmpty()" classname="org.example.shoppingcart.ShoppingCartTest" time="0.034"/>
  <testcase name="testAddExistingItemThenUpdateQuantity()" classname="org.example.shoppingcart.ShoppingCartTest" time="0.003"/>
  <testcase name="testAddItemInFullCartThenGetSubtotalAsPriceOfAllItems()" classname="org.example.shoppingcart.ShoppingCartTest" time="0.003"/>
  <testcase name="testAddItemInEmptyCartThenGetSubtotalAsPriceOfItem()" classname="org.example.shoppingcart.ShoppingCartTest" time="0.002"/>
  <system-out><![CDATA[]]></system-out>
  <system-err><![CDATA[]]></system-err>
</testsuite>
